<?xml version="1.0" encoding="UTF-8"?>
<!-- Generated by org.testng.reporters.JUnitReportReporter -->
<testsuite hostname="LAPTOP-OPDGM1M8" failures="0" tests="1" name="MadhaviPractice.SeleniumwithCucumber.BDDRunner" time="0.006" errors="0" timestamp="2022-07-18T23:08:24 IST" skipped="0">
  <testcase classname="MadhaviPractice.SeleniumwithCucumber.BDDRunner" name="test" time="0.006"/>
  <system-out/>
</testsuite> <!-- MadhaviPractice.SeleniumwithCucumber.BDDRunner -->
